<?xml version="1.0" encoding="UTF-8"?>
<testsuite name="com.jojoldu.book.springboot.dto.HelloResponseDtoTest" tests="1" skipped="0" failures="0" errors="0" timestamp="2023-05-06T08:23:04" hostname="Seoui-MacBookPro.local" time="0.152">
  <properties/>
  <testcase name="롬복_기능_테스트" classname="com.jojoldu.book.springboot.dto.HelloResponseDtoTest" time="0.152"/>
  <system-out><![CDATA[]]></system-out>
  <system-err><![CDATA[]]></system-err>
</testsuite>
