<?xml version="1.0" encoding="UTF-8"?>
<testsuite name="com.jojoldu.book.springboot.HelloControllerTest" tests="3" skipped="0" failures="0" errors="0" timestamp="2023-05-24T12:02:31" hostname="Seoui-MacBookPro.local" time="0.104">
  <properties/>
  <testcase name="hello가_리턴된다" classname="com.jojoldu.book.springboot.HelloControllerTest" time="0.039"/>
  <testcase name="helloDto가_리턴된다" classname="com.jojoldu.book.springboot.HelloControllerTest" time="0.052"/>
  <testcase name="first_Assignment가_리턴된다" classname="com.jojoldu.book.springboot.HelloControllerTest" time="0.01"/>
  <system-out><![CDATA[2023-05-24 21:02:29.800  INFO 92407 --- [    Test worker] .b.t.a.w.s.WebMvcTestContextBootstrapper : Neither @ContextConfiguration nor @ContextHierarchy found for test class [com.jojoldu.book.springboot.HelloControllerTest], using SpringBootContextLoader
2023-05-24 21:02:29.805  INFO 92407 --- [    Test worker] o.s.t.c.support.AbstractContextLoader    : Could not detect default resource locations for test class [com.jojoldu.book.springboot.HelloControllerTest]: no resource found for suffixes {-context.xml, Context.groovy}.
2023-05-24 21:02:29.806  INFO 92407 --- [    Test worker] t.c.s.AnnotationConfigContextLoaderUtils : Could not detect default configuration classes for test class [com.jojoldu.book.springboot.HelloControllerTest]: HelloControllerTest does not declare any static, non-private, non-final, nested classes annotated with @Configuration.
2023-05-24 21:02:29.853  INFO 92407 --- [    Test worker] .b.t.c.SpringBootTestContextBootstrapper : Found @SpringBootConfiguration com.jojoldu.book.springboot.Application for test class com.jojoldu.book.springboot.HelloControllerTest
2023-05-24 21:02:29.859  INFO 92407 --- [    Test worker] .b.t.a.w.s.WebMvcTestContextBootstrapper : Loaded default TestExecutionListener class names from location [META-INF/spring.factories]: [org.springframework.security.test.context.support.WithSecurityContextTestExecutionListener, org.springframework.security.test.context.support.ReactorContextTestExecutionListener, org.springframework.boot.test.autoconfigure.restdocs.RestDocsTestExecutionListener, org.springframework.boot.test.autoconfigure.web.client.MockRestServiceServerResetTestExecutionListener, org.springframework.boot.test.autoconfigure.web.servlet.MockMvcPrintOnlyOnFailureTestExecutionListener, org.springframework.boot.test.autoconfigure.web.servlet.WebDriverTestExecutionListener, org.springframework.boot.test.mock.mockito.MockitoTestExecutionListener, org.springframework.boot.test.mock.mockito.ResetMocksTestExecutionListener, org.springframework.test.context.web.ServletTestExecutionListener, org.springframework.test.context.support.DirtiesContextBeforeModesTestExecutionListener, org.springframework.test.context.support.DependencyInjectionTestExecutionListener, org.springframework.test.context.support.DirtiesContextTestExecutionListener, org.springframework.test.context.transaction.TransactionalTestExecutionListener, org.springframework.test.context.jdbc.SqlScriptsTestExecutionListener]
2023-05-24 21:02:29.861  INFO 92407 --- [    Test worker] .b.t.a.w.s.WebMvcTestContextBootstrapper : Using TestExecutionListeners: [org.springframework.test.context.web.ServletTestExecutionListener@1476f68b, org.springframework.test.context.support.DirtiesContextBeforeModesTestExecutionListener@182cdaf9, org.springframework.boot.test.mock.mockito.MockitoTestExecutionListener@dd61c86, org.springframework.boot.test.autoconfigure.SpringBootDependencyInjectionTestExecutionListener@3312b937, org.springframework.test.context.support.DirtiesContextTestExecutionListener@1073c370, org.springframework.test.context.transaction.TransactionalTestExecutionListener@6ef62895, org.springframework.test.context.jdbc.SqlScriptsTestExecutionListener@53793be1, org.springframework.security.test.context.support.WithSecurityContextTestExecutionListener@7584fbb8, org.springframework.security.test.context.support.ReactorContextTestExecutionListener@7b62ce3b, org.springframework.boot.test.autoconfigure.restdocs.RestDocsTestExecutionListener@240ff342, org.springframework.boot.test.autoconfigure.web.client.MockRestServiceServerResetTestExecutionListener@3eb37211, org.springframework.boot.test.autoconfigure.web.servlet.MockMvcPrintOnlyOnFailureTestExecutionListener@6c380744, org.springframework.boot.test.autoconfigure.web.servlet.WebDriverTestExecutionListener@1460fee, org.springframework.boot.test.mock.mockito.ResetMocksTestExecutionListener@5a087967]

  .   ____          _            __ _ _
 /\\ / ___'_ __ _ _(_)_ __  __ _ \ \ \ \
( ( )\___ | '_ | '_| | '_ \/ _` | \ \ \ \
 \\/  ___)| |_)| | | | | || (_| |  ) ) ) )
  '  |____| .__|_| |_|_| |_\__, | / / / /
 =========|_|==============|___/=/_/_/_/
 :: Spring Boot ::        (v2.1.7.RELEASE)

2023-05-24 21:02:29.943  INFO 92407 --- [    Test worker] c.j.book.springboot.HelloControllerTest  : Starting HelloControllerTest on Seoui-MacBookPro.local with PID 92407 (started by cindy in /Users/cindy/Documents/GitHub/2023-1-SpringBoot-AWS-Study/서정연/SpringBoot_AWS)
2023-05-24 21:02:29.945  INFO 92407 --- [    Test worker] c.j.book.springboot.HelloControllerTest  : The following profiles are active: oauth
2023-05-24 21:02:30.788  INFO 92407 --- [    Test worker] o.s.s.concurrent.ThreadPoolTaskExecutor  : Initializing ExecutorService 'applicationTaskExecutor'
2023-05-24 21:02:30.832  INFO 92407 --- [    Test worker] o.s.b.a.w.s.WelcomePageHandlerMapping    : Adding welcome page template: index
2023-05-24 21:02:31.078  INFO 92407 --- [    Test worker] .s.s.UserDetailsServiceAutoConfiguration : 

Using generated security password: c2fa4e47-30c5-47d2-8e64-f5f6179232f7

2023-05-24 21:02:31.255  INFO 92407 --- [    Test worker] o.s.s.web.DefaultSecurityFilterChain     : Creating filter chain: any request, [org.springframework.security.web.context.request.async.WebAsyncManagerIntegrationFilter@749fe288, org.springframework.security.web.context.SecurityContextPersistenceFilter@6912b952, org.springframework.security.web.header.HeaderWriterFilter@68b08c3d, org.springframework.security.web.csrf.CsrfFilter@20c7b7d8, org.springframework.security.web.authentication.logout.LogoutFilter@20301b0e, org.springframework.security.web.authentication.UsernamePasswordAuthenticationFilter@21419805, org.springframework.security.web.authentication.ui.DefaultLoginPageGeneratingFilter@40bbc53, org.springframework.security.web.authentication.ui.DefaultLogoutPageGeneratingFilter@61c21b2, org.springframework.security.web.authentication.www.BasicAuthenticationFilter@16443cc2, org.springframework.security.web.savedrequest.RequestCacheAwareFilter@394f93a6, org.springframework.security.web.servletapi.SecurityContextHolderAwareRequestFilter@557221d6, org.springframework.security.web.authentication.AnonymousAuthenticationFilter@3189af9f, org.springframework.security.web.session.SessionManagementFilter@75548f84, org.springframework.security.web.access.ExceptionTranslationFilter@265eda6c, org.springframework.security.web.access.intercept.FilterSecurityInterceptor@1d4d563]
2023-05-24 21:02:31.279  INFO 92407 --- [    Test worker] o.s.b.t.m.w.SpringBootMockServletContext : Initializing Spring TestDispatcherServlet ''
2023-05-24 21:02:31.279  INFO 92407 --- [    Test worker] o.s.t.web.servlet.TestDispatcherServlet  : Initializing Servlet ''
2023-05-24 21:02:31.288  INFO 92407 --- [    Test worker] o.s.t.web.servlet.TestDispatcherServlet  : Completed initialization in 9 ms
2023-05-24 21:02:31.321  INFO 92407 --- [    Test worker] c.j.book.springboot.HelloControllerTest  : Started HelloControllerTest in 1.452 seconds (JVM running for 22.799)
]]></system-out>
  <system-err><![CDATA[]]></system-err>
</testsuite>
