<?xml version="1.0" encoding="UTF-8"?>
<testsuite name="com.jojoldu.book.springboot.HelloControllerTest" tests="3" skipped="0" failures="0" errors="0" timestamp="2023-05-06T08:23:31" hostname="Seoui-MacBookPro.local" time="0.11">
  <properties/>
  <testcase name="hello가_리턴된다" classname="com.jojoldu.book.springboot.HelloControllerTest" time="0.037"/>
  <testcase name="helloDto가_리턴된다" classname="com.jojoldu.book.springboot.HelloControllerTest" time="0.059"/>
  <testcase name="first_Assignment가_리턴된다" classname="com.jojoldu.book.springboot.HelloControllerTest" time="0.01"/>
  <system-out><![CDATA[2023-05-06 17:23:30.378  INFO 25759 --- [    Test worker] .b.t.a.w.s.WebMvcTestContextBootstrapper : Neither @ContextConfiguration nor @ContextHierarchy found for test class [com.jojoldu.book.springboot.HelloControllerTest], using SpringBootContextLoader
2023-05-06 17:23:30.381  INFO 25759 --- [    Test worker] o.s.t.c.support.AbstractContextLoader    : Could not detect default resource locations for test class [com.jojoldu.book.springboot.HelloControllerTest]: no resource found for suffixes {-context.xml, Context.groovy}.
2023-05-06 17:23:30.382  INFO 25759 --- [    Test worker] t.c.s.AnnotationConfigContextLoaderUtils : Could not detect default configuration classes for test class [com.jojoldu.book.springboot.HelloControllerTest]: HelloControllerTest does not declare any static, non-private, non-final, nested classes annotated with @Configuration.
2023-05-06 17:23:30.442  INFO 25759 --- [    Test worker] .b.t.c.SpringBootTestContextBootstrapper : Found @SpringBootConfiguration com.jojoldu.book.springboot.Application for test class com.jojoldu.book.springboot.HelloControllerTest
2023-05-06 17:23:30.454  INFO 25759 --- [    Test worker] .b.t.a.w.s.WebMvcTestContextBootstrapper : Loaded default TestExecutionListener class names from location [META-INF/spring.factories]: [org.springframework.security.test.context.support.WithSecurityContextTestExecutionListener, org.springframework.security.test.context.support.ReactorContextTestExecutionListener, org.springframework.boot.test.autoconfigure.restdocs.RestDocsTestExecutionListener, org.springframework.boot.test.autoconfigure.web.client.MockRestServiceServerResetTestExecutionListener, org.springframework.boot.test.autoconfigure.web.servlet.MockMvcPrintOnlyOnFailureTestExecutionListener, org.springframework.boot.test.autoconfigure.web.servlet.WebDriverTestExecutionListener, org.springframework.boot.test.mock.mockito.MockitoTestExecutionListener, org.springframework.boot.test.mock.mockito.ResetMocksTestExecutionListener, org.springframework.test.context.web.ServletTestExecutionListener, org.springframework.test.context.support.DirtiesContextBeforeModesTestExecutionListener, org.springframework.test.context.support.DependencyInjectionTestExecutionListener, org.springframework.test.context.support.DirtiesContextTestExecutionListener, org.springframework.test.context.transaction.TransactionalTestExecutionListener, org.springframework.test.context.jdbc.SqlScriptsTestExecutionListener]
2023-05-06 17:23:30.455  INFO 25759 --- [    Test worker] .b.t.a.w.s.WebMvcTestContextBootstrapper : Using TestExecutionListeners: [org.springframework.test.context.web.ServletTestExecutionListener@6894d414, org.springframework.test.context.support.DirtiesContextBeforeModesTestExecutionListener@1be37a77, org.springframework.boot.test.mock.mockito.MockitoTestExecutionListener@2849ff21, org.springframework.boot.test.autoconfigure.SpringBootDependencyInjectionTestExecutionListener@22893a81, org.springframework.test.context.support.DirtiesContextTestExecutionListener@6c737eb0, org.springframework.test.context.transaction.TransactionalTestExecutionListener@6cc3918b, org.springframework.test.context.jdbc.SqlScriptsTestExecutionListener@b14dbc5, org.springframework.security.test.context.support.WithSecurityContextTestExecutionListener@6022b514, org.springframework.security.test.context.support.ReactorContextTestExecutionListener@17d3c15e, org.springframework.boot.test.autoconfigure.restdocs.RestDocsTestExecutionListener@67ec45e6, org.springframework.boot.test.autoconfigure.web.client.MockRestServiceServerResetTestExecutionListener@4a8b702d, org.springframework.boot.test.autoconfigure.web.servlet.MockMvcPrintOnlyOnFailureTestExecutionListener@3f74f67d, org.springframework.boot.test.autoconfigure.web.servlet.WebDriverTestExecutionListener@362409fc, org.springframework.boot.test.mock.mockito.ResetMocksTestExecutionListener@33e2b9ab]

  .   ____          _            __ _ _
 /\\ / ___'_ __ _ _(_)_ __  __ _ \ \ \ \
( ( )\___ | '_ | '_| | '_ \/ _` | \ \ \ \
 \\/  ___)| |_)| | | | | || (_| |  ) ) ) )
  '  |____| .__|_| |_|_| |_\__, | / / / /
 =========|_|==============|___/=/_/_/_/
 :: Spring Boot ::        (v2.1.7.RELEASE)

2023-05-06 17:23:30.550  INFO 25759 --- [    Test worker] c.j.book.springboot.HelloControllerTest  : Starting HelloControllerTest on Seoui-MacBookPro.local with PID 25759 (started by cindy in /Users/cindy/Documents/GitHub/2023-1-SpringBoot-AWS-Study/서정연/SpringBoot_AWS)
2023-05-06 17:23:30.552  INFO 25759 --- [    Test worker] c.j.book.springboot.HelloControllerTest  : The following profiles are active: oauth
2023-05-06 17:23:31.297  INFO 25759 --- [    Test worker] o.s.s.concurrent.ThreadPoolTaskExecutor  : Initializing ExecutorService 'applicationTaskExecutor'
2023-05-06 17:23:31.346  INFO 25759 --- [    Test worker] o.s.b.a.w.s.WelcomePageHandlerMapping    : Adding welcome page template: index
2023-05-06 17:23:31.626  INFO 25759 --- [    Test worker] .s.s.UserDetailsServiceAutoConfiguration : 

Using generated security password: 2103cb6f-c77a-4f0b-acc8-3cba0c29f660

2023-05-06 17:23:31.797  INFO 25759 --- [    Test worker] o.s.s.web.DefaultSecurityFilterChain     : Creating filter chain: any request, [org.springframework.security.web.context.request.async.WebAsyncManagerIntegrationFilter@1d80313c, org.springframework.security.web.context.SecurityContextPersistenceFilter@6df921a, org.springframework.security.web.header.HeaderWriterFilter@6252d1ae, org.springframework.security.web.csrf.CsrfFilter@7efbeaf1, org.springframework.security.web.authentication.logout.LogoutFilter@151b40c2, org.springframework.security.web.authentication.UsernamePasswordAuthenticationFilter@6326f1c6, org.springframework.security.web.authentication.ui.DefaultLoginPageGeneratingFilter@4c780ab0, org.springframework.security.web.authentication.ui.DefaultLogoutPageGeneratingFilter@1375f5a3, org.springframework.security.web.authentication.www.BasicAuthenticationFilter@67377aed, org.springframework.security.web.savedrequest.RequestCacheAwareFilter@3ac05e6, org.springframework.security.web.servletapi.SecurityContextHolderAwareRequestFilter@77876b9c, org.springframework.security.web.authentication.AnonymousAuthenticationFilter@4f491532, org.springframework.security.web.session.SessionManagementFilter@435f1377, org.springframework.security.web.access.ExceptionTranslationFilter@477841d6, org.springframework.security.web.access.intercept.FilterSecurityInterceptor@729d1f6f]
2023-05-06 17:23:31.824  INFO 25759 --- [    Test worker] o.s.b.t.m.w.SpringBootMockServletContext : Initializing Spring TestDispatcherServlet ''
2023-05-06 17:23:31.825  INFO 25759 --- [    Test worker] o.s.t.web.servlet.TestDispatcherServlet  : Initializing Servlet ''
2023-05-06 17:23:31.837  INFO 25759 --- [    Test worker] o.s.t.web.servlet.TestDispatcherServlet  : Completed initialization in 12 ms
2023-05-06 17:23:31.878  INFO 25759 --- [    Test worker] c.j.book.springboot.HelloControllerTest  : Started HelloControllerTest in 1.416 seconds (JVM running for 29.164)
]]></system-out>
  <system-err><![CDATA[]]></system-err>
</testsuite>
