<?xml version="1.0" encoding="UTF-8"?>
<testsuite name="com.jojoldu.book.springboot.HelloControllerTest" tests="3" skipped="0" failures="0" errors="0" timestamp="2023-05-24T11:20:51" hostname="Seoui-MacBookPro.local" time="0.128">
  <properties/>
  <testcase name="hello가_리턴된다" classname="com.jojoldu.book.springboot.HelloControllerTest" time="0.035"/>
  <testcase name="helloDto가_리턴된다" classname="com.jojoldu.book.springboot.HelloControllerTest" time="0.072"/>
  <testcase name="first_Assignment가_리턴된다" classname="com.jojoldu.book.springboot.HelloControllerTest" time="0.016"/>
  <system-out><![CDATA[2023-05-24 20:20:49.707  INFO 88267 --- [    Test worker] .b.t.a.w.s.WebMvcTestContextBootstrapper : Neither @ContextConfiguration nor @ContextHierarchy found for test class [com.jojoldu.book.springboot.HelloControllerTest], using SpringBootContextLoader
2023-05-24 20:20:49.713  INFO 88267 --- [    Test worker] o.s.t.c.support.AbstractContextLoader    : Could not detect default resource locations for test class [com.jojoldu.book.springboot.HelloControllerTest]: no resource found for suffixes {-context.xml, Context.groovy}.
2023-05-24 20:20:49.714  INFO 88267 --- [    Test worker] t.c.s.AnnotationConfigContextLoaderUtils : Could not detect default configuration classes for test class [com.jojoldu.book.springboot.HelloControllerTest]: HelloControllerTest does not declare any static, non-private, non-final, nested classes annotated with @Configuration.
2023-05-24 20:20:49.806  INFO 88267 --- [    Test worker] .b.t.c.SpringBootTestContextBootstrapper : Found @SpringBootConfiguration com.jojoldu.book.springboot.Application for test class com.jojoldu.book.springboot.HelloControllerTest
2023-05-24 20:20:49.813  INFO 88267 --- [    Test worker] .b.t.a.w.s.WebMvcTestContextBootstrapper : Loaded default TestExecutionListener class names from location [META-INF/spring.factories]: [org.springframework.security.test.context.support.WithSecurityContextTestExecutionListener, org.springframework.security.test.context.support.ReactorContextTestExecutionListener, org.springframework.boot.test.autoconfigure.restdocs.RestDocsTestExecutionListener, org.springframework.boot.test.autoconfigure.web.client.MockRestServiceServerResetTestExecutionListener, org.springframework.boot.test.autoconfigure.web.servlet.MockMvcPrintOnlyOnFailureTestExecutionListener, org.springframework.boot.test.autoconfigure.web.servlet.WebDriverTestExecutionListener, org.springframework.boot.test.mock.mockito.MockitoTestExecutionListener, org.springframework.boot.test.mock.mockito.ResetMocksTestExecutionListener, org.springframework.test.context.web.ServletTestExecutionListener, org.springframework.test.context.support.DirtiesContextBeforeModesTestExecutionListener, org.springframework.test.context.support.DependencyInjectionTestExecutionListener, org.springframework.test.context.support.DirtiesContextTestExecutionListener, org.springframework.test.context.transaction.TransactionalTestExecutionListener, org.springframework.test.context.jdbc.SqlScriptsTestExecutionListener]
2023-05-24 20:20:49.815  INFO 88267 --- [    Test worker] .b.t.a.w.s.WebMvcTestContextBootstrapper : Using TestExecutionListeners: [org.springframework.test.context.web.ServletTestExecutionListener@73a5836d, org.springframework.test.context.support.DirtiesContextBeforeModesTestExecutionListener@6d3f973a, org.springframework.boot.test.mock.mockito.MockitoTestExecutionListener@7c242, org.springframework.boot.test.autoconfigure.SpringBootDependencyInjectionTestExecutionListener@17702df5, org.springframework.test.context.support.DirtiesContextTestExecutionListener@48917a9d, org.springframework.test.context.transaction.TransactionalTestExecutionListener@5906b2f2, org.springframework.test.context.jdbc.SqlScriptsTestExecutionListener@672d7e42, org.springframework.security.test.context.support.WithSecurityContextTestExecutionListener@71a4e8d7, org.springframework.security.test.context.support.ReactorContextTestExecutionListener@322221ec, org.springframework.boot.test.autoconfigure.restdocs.RestDocsTestExecutionListener@5edf9478, org.springframework.boot.test.autoconfigure.web.client.MockRestServiceServerResetTestExecutionListener@520c2e8f, org.springframework.boot.test.autoconfigure.web.servlet.MockMvcPrintOnlyOnFailureTestExecutionListener@4389649, org.springframework.boot.test.autoconfigure.web.servlet.WebDriverTestExecutionListener@2736ea63, org.springframework.boot.test.mock.mockito.ResetMocksTestExecutionListener@5e8d6a9]

  .   ____          _            __ _ _
 /\\ / ___'_ __ _ _(_)_ __  __ _ \ \ \ \
( ( )\___ | '_ | '_| | '_ \/ _` | \ \ \ \
 \\/  ___)| |_)| | | | | || (_| |  ) ) ) )
  '  |____| .__|_| |_|_| |_\__, | / / / /
 =========|_|==============|___/=/_/_/_/
 :: Spring Boot ::        (v2.1.7.RELEASE)

2023-05-24 20:20:49.932  INFO 88267 --- [    Test worker] c.j.book.springboot.HelloControllerTest  : Starting HelloControllerTest on Seoui-MacBookPro.local with PID 88267 (started by cindy in /Users/cindy/Documents/GitHub/2023-1-SpringBoot-AWS-Study/서정연/SpringBoot_AWS)
2023-05-24 20:20:49.934  INFO 88267 --- [    Test worker] c.j.book.springboot.HelloControllerTest  : The following profiles are active: oauth
2023-05-24 20:20:50.721  INFO 88267 --- [    Test worker] o.s.s.concurrent.ThreadPoolTaskExecutor  : Initializing ExecutorService 'applicationTaskExecutor'
2023-05-24 20:20:50.765  INFO 88267 --- [    Test worker] o.s.b.a.w.s.WelcomePageHandlerMapping    : Adding welcome page template: index
2023-05-24 20:20:51.049  INFO 88267 --- [    Test worker] .s.s.UserDetailsServiceAutoConfiguration : 

Using generated security password: 5a6e34d4-b551-45b8-876b-e17ff09ec870

2023-05-24 20:20:51.203  INFO 88267 --- [    Test worker] o.s.s.web.DefaultSecurityFilterChain     : Creating filter chain: any request, [org.springframework.security.web.context.request.async.WebAsyncManagerIntegrationFilter@3153c14e, org.springframework.security.web.context.SecurityContextPersistenceFilter@947adc4, org.springframework.security.web.header.HeaderWriterFilter@6dd22832, org.springframework.security.web.csrf.CsrfFilter@14703e48, org.springframework.security.web.authentication.logout.LogoutFilter@7d556b83, org.springframework.security.web.authentication.UsernamePasswordAuthenticationFilter@288fbbae, org.springframework.security.web.authentication.ui.DefaultLoginPageGeneratingFilter@32998317, org.springframework.security.web.authentication.ui.DefaultLogoutPageGeneratingFilter@6b39e4a4, org.springframework.security.web.authentication.www.BasicAuthenticationFilter@31095a12, org.springframework.security.web.savedrequest.RequestCacheAwareFilter@18281687, org.springframework.security.web.servletapi.SecurityContextHolderAwareRequestFilter@64472e08, org.springframework.security.web.authentication.AnonymousAuthenticationFilter@101bfa1b, org.springframework.security.web.session.SessionManagementFilter@7845d9be, org.springframework.security.web.access.ExceptionTranslationFilter@481b2cbf, org.springframework.security.web.access.intercept.FilterSecurityInterceptor@35197f0]
2023-05-24 20:20:51.225  INFO 88267 --- [    Test worker] o.s.b.t.m.w.SpringBootMockServletContext : Initializing Spring TestDispatcherServlet ''
2023-05-24 20:20:51.226  INFO 88267 --- [    Test worker] o.s.t.web.servlet.TestDispatcherServlet  : Initializing Servlet ''
2023-05-24 20:20:51.247  INFO 88267 --- [    Test worker] o.s.t.web.servlet.TestDispatcherServlet  : Completed initialization in 21 ms
2023-05-24 20:20:51.299  INFO 88267 --- [    Test worker] c.j.book.springboot.HelloControllerTest  : Started HelloControllerTest in 1.474 seconds (JVM running for 30.595)
]]></system-out>
  <system-err><![CDATA[]]></system-err>
</testsuite>
